<?xml version="1.0" encoding="UTF-8"?>
<!-- Generated by org.testng.reporters.JUnitReportReporter -->
<testsuite hostname="SADEV-07" failures="0" tests="1" name="tests.TestNavigationtoFacilityPage" time="5.253" errors="0" timestamp="2024-11-07T12:10:40 EET" skipped="0">
  <testcase classname="tests.TestNavigationtoFacilityPage" name="usercannavigatetofacilotypage" time="5.253"/>
</testsuite> <!-- tests.TestNavigationtoFacilityPage -->
